<?xml version="1.0" encoding="UTF-8"?>
<coverage generated="1586272283960" clover="3.2.0">
  <project timestamp="1586272283960" name="All files">
    <metrics statements="6" coveredstatements="6" conditionals="0" coveredconditionals="0" methods="1" coveredmethods="1" elements="7" coveredelements="7" complexity="0" loc="6" ncloc="6" packages="1" files="2" classes="2"/>
    <file name="index.ts" path="/Users/sorabel/Documents/juan/js-sastrawi/src/index.ts">
      <metrics statements="3" coveredstatements="3" conditionals="0" coveredconditionals="0" methods="0" coveredmethods="0"/>
      <line num="1" count="1" type="stmt"/>
      <line num="3" count="1" type="stmt"/>
      <line num="7" count="1" type="stmt"/>
    </file>
    <file name="tokenizer.ts" path="/Users/sorabel/Documents/juan/js-sastrawi/src/tokenizer.ts">
      <metrics statements="3" coveredstatements="3" conditionals="0" coveredconditionals="0" methods="1" coveredmethods="1"/>
      <line num="2" count="1" type="stmt"/>
      <line num="3" count="2" type="stmt"/>
      <line num="4" count="2" type="stmt"/>
    </file>
  </project>
</coverage>
