<?xml version="1.0" encoding="UTF-8"?>
<coverage generated="1662116516383" clover="3.2.0">
  <project timestamp="1662116516383" name="All files">
    <metrics statements="37" coveredstatements="36" conditionals="0" coveredconditionals="0" methods="12" coveredmethods="11" elements="49" coveredelements="47" complexity="0" loc="37" ncloc="37" packages="1" files="5" classes="5"/>
    <file name="dictionary-default.ts" path="/Users/juan/Documents/workstation/js-sastrawi/src/dictionary-default.ts">
      <metrics statements="4" coveredstatements="4" conditionals="0" coveredconditionals="0" methods="1" coveredmethods="1"/>
      <line num="1" count="2" type="stmt"/>
      <line num="3" count="2" type="stmt"/>
      <line num="4" count="1" type="stmt"/>
      <line num="29938" count="1" type="stmt"/>
    </file>
    <file name="dictionary-stopword.ts" path="/Users/juan/Documents/workstation/js-sastrawi/src/dictionary-stopword.ts">
      <metrics statements="4" coveredstatements="4" conditionals="0" coveredconditionals="0" methods="1" coveredmethods="1"/>
      <line num="1" count="2" type="stmt"/>
      <line num="3" count="2" type="stmt"/>
      <line num="4" count="1" type="stmt"/>
      <line num="815" count="1" type="stmt"/>
    </file>
    <file name="dictionary.ts" path="/Users/juan/Documents/workstation/js-sastrawi/src/dictionary.ts">
      <metrics statements="17" coveredstatements="16" conditionals="0" coveredconditionals="0" methods="9" coveredmethods="8"/>
      <line num="1" count="2" type="stmt"/>
      <line num="5" count="3" type="stmt"/>
      <line num="6" count="3" type="stmt"/>
      <line num="7" count="30743" type="stmt"/>
      <line num="9" count="3" type="stmt"/>
      <line num="13" count="2" type="stmt"/>
      <line num="14" count="0" type="stmt"/>
      <line num="18" count="2" type="stmt"/>
      <line num="19" count="4" type="stmt"/>
      <line num="23" count="2" type="stmt"/>
      <line num="24" count="1" type="stmt"/>
      <line num="25" count="1" type="stmt"/>
      <line num="30" count="2" type="stmt"/>
      <line num="31" count="1" type="stmt"/>
      <line num="32" count="1" type="stmt"/>
      <line num="35" count="2" type="stmt"/>
      <line num="37" count="2" type="stmt"/>
    </file>
    <file name="index.ts" path="/Users/juan/Documents/workstation/js-sastrawi/src/index.ts">
      <metrics statements="6" coveredstatements="6" conditionals="0" coveredconditionals="0" methods="0" coveredmethods="0"/>
      <line num="1" count="2" type="stmt"/>
      <line num="2" count="2" type="stmt"/>
      <line num="3" count="2" type="stmt"/>
      <line num="4" count="2" type="stmt"/>
      <line num="6" count="2" type="stmt"/>
      <line num="13" count="2" type="stmt"/>
    </file>
    <file name="tokenizer.ts" path="/Users/juan/Documents/workstation/js-sastrawi/src/tokenizer.ts">
      <metrics statements="6" coveredstatements="6" conditionals="0" coveredconditionals="0" methods="1" coveredmethods="1"/>
      <line num="2" count="2" type="stmt"/>
      <line num="3" count="2" type="stmt"/>
      <line num="4" count="2" type="stmt"/>
      <line num="5" count="2" type="stmt"/>
      <line num="6" count="2" type="stmt"/>
      <line num="8" count="2" type="stmt"/>
    </file>
  </project>
</coverage>
