{"/Users/juan/Documents/workstation/js-sastrawi/src/dictionary-default.ts": {"path":"/Users/juan/Documents/workstation/js-sastrawi/src/dictionary-default.ts","statementMap":{"0":{"start":{"line":1,"column":0},"end":{"line":1,"column":38}},"1":{"start":{"line":4,"column":26},"end":{"line":29937,"column":4}},"2":{"start":{"line":29938,"column":2},"end":{"line":29938,"column":31}},"3":{"start":{"line":3,"column":0},"end":{"line":3,"column":24}}},"fnMap":{"0":{"name":"defaultDictionary","decl":{"start":{"line":3,"column":24},"end":{"line":3,"column":41}},"loc":{"start":{"line":3,"column":41},"end":{"line":29939,"column":1}}}},"branchMap":{},"s":{"0":2,"1":1,"2":1,"3":2},"f":{"0":1},"b":{}}
,"/Users/juan/Documents/workstation/js-sastrawi/src/dictionary-stopword.ts": {"path":"/Users/juan/Documents/workstation/js-sastrawi/src/dictionary-stopword.ts","statementMap":{"0":{"start":{"line":1,"column":0},"end":{"line":1,"column":38}},"1":{"start":{"line":4,"column":26},"end":{"line":814,"column":4}},"2":{"start":{"line":815,"column":2},"end":{"line":815,"column":31}},"3":{"start":{"line":3,"column":0},"end":{"line":3,"column":24}}},"fnMap":{"0":{"name":"defaultStopWord","decl":{"start":{"line":3,"column":24},"end":{"line":3,"column":39}},"loc":{"start":{"line":3,"column":39},"end":{"line":816,"column":1}}}},"branchMap":{},"s":{"0":2,"1":1,"2":1,"3":2},"f":{"0":1},"b":{}}
,"/Users/juan/Documents/workstation/js-sastrawi/src/dictionary.ts": {"path":"/Users/juan/Documents/workstation/js-sastrawi/src/dictionary.ts","statementMap":{"0":{"start":{"line":1,"column":0},"end":{"line":1,"column":null}},"1":{"start":{"line":5,"column":41},"end":{"line":5,"column":43}},"2":{"start":{"line":6,"column":4},"end":{"line":8,"column":7}},"3":{"start":{"line":7,"column":6},"end":{"line":7,"column":25}},"4":{"start":{"line":9,"column":4},"end":{"line":9,"column":30}},"5":{"start":{"line":13,"column":2},"end":{"line":15,"column":null}},"6":{"start":{"line":14,"column":4},"end":{"line":14,"column":47}},"7":{"start":{"line":18,"column":2},"end":{"line":20,"column":null}},"8":{"start":{"line":19,"column":4},"end":{"line":19,"column":48}},"9":{"start":{"line":23,"column":2},"end":{"line":27,"column":null}},"10":{"start":{"line":23,"column":2},"end":{"line":23,"column":5}},"11":{"start":{"line":24,"column":4},"end":{"line":26,"column":7}},"12":{"start":{"line":25,"column":6},"end":{"line":25,"column":33}},"13":{"start":{"line":30,"column":2},"end":{"line":34,"column":null}},"14":{"start":{"line":30,"column":2},"end":{"line":30,"column":8}},"15":{"start":{"line":31,"column":4},"end":{"line":33,"column":7}},"16":{"start":{"line":32,"column":6},"end":{"line":32,"column":35}},"17":{"start":{"line":35,"column":0},"end":{"line":35,"column":null}},"18":{"start":{"line":37,"column":0},"end":{"line":37,"column":26}}},"fnMap":{"0":{"name":"(anonymous_0)","decl":{"start":{"line":1,"column":0},"end":{"line":1,"column":null}},"loc":{"start":{"line":1,"column":0},"end":{"line":35,"column":null}}},"1":{"name":"Dictionary","decl":{"start":{"line":4,"column":2},"end":{"line":4,"column":14}},"loc":{"start":{"line":4,"column":29},"end":{"line":10,"column":3}}},"2":{"name":"(anonymous_2)","decl":{"start":{"line":6,"column":18},"end":{"line":6,"column":19}},"loc":{"start":{"line":6,"column":23},"end":{"line":8,"column":5}}},"3":{"name":"(anonymous_3)","decl":{"start":{"line":13,"column":2},"end":{"line":13,"column":7}},"loc":{"start":{"line":13,"column":2},"end":{"line":15,"column":3}}},"4":{"name":"(anonymous_4)","decl":{"start":{"line":18,"column":2},"end":{"line":18,"column":10}},"loc":{"start":{"line":18,"column":23},"end":{"line":20,"column":3}}},"5":{"name":"(anonymous_5)","decl":{"start":{"line":23,"column":2},"end":{"line":23,"column":5}},"loc":{"start":{"line":23,"column":21},"end":{"line":27,"column":3}}},"6":{"name":"(anonymous_6)","decl":{"start":{"line":24,"column":18},"end":{"line":24,"column":19}},"loc":{"start":{"line":24,"column":23},"end":{"line":26,"column":5}}},"7":{"name":"(anonymous_7)","decl":{"start":{"line":30,"column":2},"end":{"line":30,"column":8}},"loc":{"start":{"line":30,"column":24},"end":{"line":34,"column":3}}},"8":{"name":"(anonymous_8)","decl":{"start":{"line":31,"column":18},"end":{"line":31,"column":19}},"loc":{"start":{"line":31,"column":23},"end":{"line":33,"column":5}}}},"branchMap":{},"s":{"0":2,"1":3,"2":3,"3":30743,"4":3,"5":2,"6":0,"7":2,"8":4,"9":2,"10":1,"11":1,"12":1,"13":2,"14":1,"15":1,"16":1,"17":2,"18":2},"f":{"0":2,"1":3,"2":30743,"3":0,"4":4,"5":1,"6":1,"7":1,"8":1},"b":{}}
,"/Users/juan/Documents/workstation/js-sastrawi/src/index.ts": {"path":"/Users/juan/Documents/workstation/js-sastrawi/src/index.ts","statementMap":{"0":{"start":{"line":1,"column":0},"end":{"line":1,"column":35}},"1":{"start":{"line":2,"column":0},"end":{"line":2,"column":38}},"2":{"start":{"line":3,"column":0},"end":{"line":3,"column":53}},"3":{"start":{"line":4,"column":0},"end":{"line":4,"column":52}},"4":{"start":{"line":6,"column":17},"end":{"line":11,"column":2}},"5":{"start":{"line":13,"column":0},"end":{"line":13,"column":24}}},"fnMap":{},"branchMap":{},"s":{"0":2,"1":2,"2":2,"3":2,"4":2,"5":2},"f":{},"b":{}}
,"/Users/juan/Documents/workstation/js-sastrawi/src/tokenizer.ts": {"path":"/Users/juan/Documents/workstation/js-sastrawi/src/tokenizer.ts","statementMap":{"0":{"start":{"line":3,"column":32},"end":{"line":3,"column":54}},"1":{"start":{"line":4,"column":29},"end":{"line":4,"column":58}},"2":{"start":{"line":5,"column":30},"end":{"line":5,"column":71}},"3":{"start":{"line":6,"column":31},"end":{"line":6,"column":73}},"4":{"start":{"line":8,"column":4},"end":{"line":8,"column":null}},"5":{"start":{"line":2,"column":0},"end":{"line":2,"column":24}}},"fnMap":{"0":{"name":"tokenize","decl":{"start":{"line":2,"column":24},"end":{"line":2,"column":32}},"loc":{"start":{"line":2,"column":49},"end":{"line":9,"column":1}}}},"branchMap":{},"s":{"0":2,"1":2,"2":2,"3":2,"4":2,"5":2},"f":{"0":2},"b":{}}
}
