{"/Users/sorabel/Documents/juan/js-sastrawi/src/index.ts": {"path":"/Users/sorabel/Documents/juan/js-sastrawi/src/index.ts","statementMap":{"0":{"start":{"line":1,"column":0},"end":{"line":1,"column":35}},"1":{"start":{"line":3,"column":17},"end":{"line":5,"column":null}},"2":{"start":{"line":7,"column":0},"end":{"line":7,"column":24}}},"fnMap":{},"branchMap":{},"s":{"0":1,"1":1,"2":1},"f":{},"b":{}}
,"/Users/sorabel/Documents/juan/js-sastrawi/src/tokenizer.ts": {"path":"/Users/sorabel/Documents/juan/js-sastrawi/src/tokenizer.ts","statementMap":{"0":{"start":{"line":3,"column":32},"end":{"line":3,"column":54}},"1":{"start":{"line":4,"column":4},"end":{"line":4,"column":null}},"2":{"start":{"line":2,"column":0},"end":{"line":2,"column":24}}},"fnMap":{"0":{"name":"tokenize","decl":{"start":{"line":2,"column":24},"end":{"line":2,"column":32}},"loc":{"start":{"line":2,"column":49},"end":{"line":5,"column":1}}}},"branchMap":{},"s":{"0":2,"1":2,"2":1},"f":{"0":2},"b":{}}
}
