TN:
SF:src/dictionary-default.ts
FN:3,defaultDictionary
FNF:1
FNH:1
FNDA:1,defaultDictionary
DA:1,2
DA:3,2
DA:4,1
DA:29938,1
LF:4
LH:4
BRF:0
BRH:0
end_of_record
TN:
SF:src/dictionary-stopword.ts
FN:3,defaultStopWord
FNF:1
FNH:1
FNDA:1,defaultStopWord
DA:1,2
DA:3,2
DA:4,1
DA:815,1
LF:4
LH:4
BRF:0
BRH:0
end_of_record
TN:
SF:src/dictionary.ts
FN:1,(anonymous_0)
FN:4,Dictionary
FN:6,(anonymous_2)
FN:13,(anonymous_3)
FN:18,(anonymous_4)
FN:23,(anonymous_5)
FN:24,(anonymous_6)
FN:30,(anonymous_7)
FN:31,(anonymous_8)
FNF:9
FNH:8
FNDA:2,(anonymous_0)
FNDA:3,Dictionary
FNDA:30743,(anonymous_2)
FNDA:0,(anonymous_3)
FNDA:4,(anonymous_4)
FNDA:1,(anonymous_5)
FNDA:1,(anonymous_6)
FNDA:1,(anonymous_7)
FNDA:1,(anonymous_8)
DA:1,2
DA:5,3
DA:6,3
DA:7,30743
DA:9,3
DA:13,2
DA:14,0
DA:18,2
DA:19,4
DA:23,2
DA:24,1
DA:25,1
DA:30,2
DA:31,1
DA:32,1
DA:35,2
DA:37,2
LF:17
LH:16
BRF:0
BRH:0
end_of_record
TN:
SF:src/index.ts
FNF:0
FNH:0
DA:1,2
DA:2,2
DA:3,2
DA:4,2
DA:6,2
DA:13,2
LF:6
LH:6
BRF:0
BRH:0
end_of_record
TN:
SF:src/tokenizer.ts
FN:2,tokenize
FNF:1
FNH:1
FNDA:2,tokenize
DA:2,2
DA:3,2
DA:4,2
DA:5,2
DA:6,2
DA:8,2
LF:6
LH:6
BRF:0
BRH:0
end_of_record
